25/2/2025 10:40:27 AM [INFO]: User Signed In (9842653411)
25/2/2025 10:40:32 AM [INFO]: User Signed In (9842653411)
25/2/2025 10:42:45 AM [INFO]: New Family User (9842653415) Created by : (5)
25/2/2025 10:43:37 AM [INFO]: Add Patient (13) Map for (2)
25/2/2025 10:44:05 AM [ERROR]: POst Answer (postAnswersController) Error: (TypeError: scoreResult.forEach is not a function)
25/2/2025 10:44:47 AM [ERROR]: POst Answer (postAnswersController) Error: (TypeError: scoreResult.forEach is not a function)
25/2/2025 11:21:31 AM [ERROR]: POst Answer (postAnswersController) Error: (TypeError: scoreResult.forEach is not a function)
25/2/2025 11:30:30 AM [ERROR]: POst Answer (postAnswersController) Error: (TypeError: scoreResult.map is not a function)
25/2/2025 11:31:51 AM [ERROR]: POst Answer (postAnswersController) Error: (TypeError: scoreResult.map is not a function)
25/2/2025 11:36:31 AM [ERROR]: POst Answer (postAnswersController) Error: (TypeError: scoreResult.map is not a function)
25/2/2025 11:44:44 AM [ERROR]: POst Answer (postAnswersController) Error: (TypeError: scoreResult.map is not a function)
25/2/2025 11:47:24 AM [INFO]: User (13) Answered (8)
25/2/2025 11:53:29 AM [INFO]: Docotr ID: 12 Status Changed as (inactive)
25/2/2025 11:58:38 AM [INFO]: User (13) Answered (8)
25/2/2025 11:59:48 AM [INFO]: User (13) Answered (8)
25/2/2025 12:01:07 PM [INFO]: User (13) Answered (8)
25/2/2025 12:03:00 PM [INFO]: User (13) Answered (8)
25/2/2025 12:14:27 PM [INFO]: User (13) Answered (8)
25/2/2025 12:15:49 PM [INFO]: User (13) Answered (8)
25/2/2025 12:17:23 PM [INFO]: User (13) Answered (8)
25/2/2025 12:18:01 PM [INFO]: User (13) Answered (8)
25/2/2025 12:25:59 PM [INFO]: User (13) Answered (8)
25/2/2025 12:31:18 PM [ERROR]: POst Answer (postAnswersController) Error: (TypeError: scoreResult.find is not a function)
25/2/2025 12:32:06 PM [INFO]: User (13) Answered (8)
25/2/2025 12:40:49 PM [ERROR]: POst Answer (postAnswersController) Error: (TypeError: Cannot read properties of undefined (reading 'refPTScore'))
25/2/2025 12:45:37 PM [ERROR]: POst Answer (postAnswersController) Error: (TypeError: Cannot read properties of undefined (reading 'refPTcreatedDate'))
25/2/2025 12:46:36 PM [INFO]: User (13) Answered (8)
25/2/2025 12:49:09 PM [INFO]: User (13) Answered (8)
25/2/2025 12:50:41 PM [INFO]: User (13) Answered (202)
25/2/2025 12:51:26 PM [INFO]: User (13) Answered (202)
25/2/2025 12:52:02 PM [INFO]: User (13) Answered (8)
25/2/2025 12:53:31 PM [ERROR]: POst Answer (postAnswersController) Error: (TypeError: Cannot read properties of undefined (reading 'refPTcreatedDate'))
25/2/2025 12:54:40 PM [INFO]: User (13) Answered (11)
25/2/2025 12:55:24 PM [INFO]: User (13) Answered (11)
25/2/2025 12:56:35 PM [INFO]: User (13) Answered (11)
25/2/2025 1:07:07 PM [INFO]: User (13) Answered (9)
25/2/2025 1:07:20 PM [INFO]: User (13) Answered (10)
25/2/2025 1:07:27 PM [INFO]: User (13) Answered (11)
25/2/2025 1:07:59 PM [INFO]: User (13) Answered (12)
25/2/2025 1:08:19 PM [INFO]: User (13) Answered (13)
25/2/2025 1:08:58 PM [INFO]: User (13) Answered (43)
25/2/2025 1:09:02 PM [INFO]: User (13) Answered (51)
25/2/2025 1:09:23 PM [INFO]: User (13) Answered (94)
25/2/2025 1:10:04 PM [INFO]: User (13) Answered (201)
25/2/2025 1:10:27 PM [INFO]: User (13) Answered (6)
25/2/2025 1:10:45 PM [INFO]: User (13) Answered (203)
25/2/2025 1:10:52 PM [INFO]: User (13) Answered (204)
25/2/2025 1:11:09 PM [INFO]: User (13) Answered (205)
25/2/2025 1:11:21 PM [INFO]: User (13) Answered (206)
25/2/2025 1:11:28 PM [INFO]: User (13) Answered (207)
25/2/2025 1:11:48 PM [INFO]: User (13) Answered (213)
25/2/2025 1:11:54 PM [INFO]: User (13) Answered (214)
25/2/2025 1:12:01 PM [INFO]: User (13) Answered (215)
25/2/2025 1:12:09 PM [INFO]: User (13) Answered (216)
25/2/2025 1:12:18 PM [INFO]: User (13) Answered (217)
25/2/2025 1:12:32 PM [INFO]: User (13) Answered (218)
25/2/2025 1:12:38 PM [INFO]: User (13) Answered (219)
25/2/2025 1:12:45 PM [INFO]: User (13) Answered (220)
25/2/2025 1:12:53 PM [INFO]: User (13) Answered (221)
25/2/2025 1:13:00 PM [INFO]: User (13) Answered (222)
25/2/2025 1:13:10 PM [INFO]: User (13) Answered (223)
25/2/2025 1:13:52 PM [INFO]: User (13) Answered (224)
25/2/2025 1:21:27 PM [INFO]: User (13) Answered (13)
25/2/2025 1:23:24 PM [INFO]: User (13) Answered (13)
25/2/2025 1:25:17 PM [INFO]: User (13) Answered (13)
25/2/2025 1:26:16 PM [INFO]: User (13) Answered (13)
25/2/2025 1:28:18 PM [INFO]: User (13) Answered (13)
25/2/2025 1:30:15 PM [ERROR]: POst Answer (postAnswersController) Error: (error: bind message supplies 3 parameters, but prepared statement "" requires 4)
25/2/2025 1:31:36 PM [INFO]: User (13) Answered (13)
25/2/2025 1:33:08 PM [INFO]: User (13) Answered (13)
25/2/2025 2:31:59 PM [INFO]: User Signed In (9842653411)
25/2/2025 2:42:05 PM [INFO]: New User (9965854315) Created by : (2)
25/2/2025 2:42:45 PM [INFO]: Add Patient (14) Map for (2)
25/2/2025 4:00:40 PM [INFO]: User (14) Answered (8)
25/2/2025 4:06:36 PM [ERROR]: Mail Send (sendReportMailController) Error: (Error: Missing credentials for "PLAIN")
25/2/2025 4:07:56 PM [ERROR]: Mail Send (sendReportMailController) Error: (Error: connect ETIMEDOUT 74.125.130.108:465)
