19/2/2025 1:02:02 PM [INFO]: User Signed In (9842653415)
19/2/2025 1:02:05 PM [INFO]: User Signed In (9842653415)
19/2/2025 1:02:10 PM [ERROR]: Profile Data (getProfileController) Error: (TypeError [ERR_INVALID_ARG_TYPE]: The "data" argument must be of type string or an instance of Buffer, TypedArray, or DataView. Received undefined)
19/2/2025 1:08:38 PM [ERROR]: Profile Data (getProfileController) Error: (TypeError [ERR_INVALID_ARG_TYPE]: The "data" argument must be of type string or an instance of Buffer, TypedArray, or DataView. Received undefined)
19/2/2025 1:09:22 PM [INFO]: User Signed In (9842653411)
19/2/2025 4:19:36 PM [INFO]: User Signed In (9842653415)
19/2/2025 4:22:19 PM [INFO]: User Signed In (9842653415)
19/2/2025 4:23:38 PM [INFO]: User Signed In (9842653415)
19/2/2025 4:23:51 PM [INFO]: User Signed In (9842653415)
19/2/2025 4:24:22 PM [INFO]: User Signed In (9842653415)
19/2/2025 4:25:59 PM [INFO]: User Signed In (9842653415)
19/2/2025 4:26:40 PM [INFO]: User Signed In (9842653411)
19/2/2025 4:36:31 PM [INFO]: User Signed In (9842653415)
19/2/2025 4:36:35 PM [INFO]: User Signed In (9842653415)
19/2/2025 4:36:37 PM [ERROR]: Profile Data (getProfileController) Error: (TypeError [ERR_INVALID_ARG_TYPE]: The "data" argument must be of type string or an instance of Buffer, TypedArray, or DataView. Received undefined)
19/2/2025 4:36:56 PM [ERROR]: Profile Data (getProfileController) Error: (TypeError [ERR_INVALID_ARG_TYPE]: The "data" argument must be of type string or an instance of Buffer, TypedArray, or DataView. Received undefined)
19/2/2025 4:38:29 PM [INFO]: User Signed In (9842653415)
19/2/2025 4:38:31 PM [INFO]: User Signed In (9842653415)
19/2/2025 4:38:34 PM [ERROR]: Profile Data (getProfileController) Error: (TypeError [ERR_INVALID_ARG_TYPE]: The "data" argument must be of type string or an instance of Buffer, TypedArray, or DataView. Received undefined)
19/2/2025 4:40:02 PM [ERROR]: Profile Data (getProfileController) Error: (TypeError [ERR_INVALID_ARG_TYPE]: The "data" argument must be of type string or an instance of Buffer, TypedArray, or DataView. Received undefined)
19/2/2025 4:41:02 PM [ERROR]: Profile Data (getProfileController) Error: (TypeError [ERR_INVALID_ARG_TYPE]: The "data" argument must be of type string or an instance of Buffer, TypedArray, or DataView. Received undefined)
19/2/2025 5:23:53 PM [INFO]: User (5) Answered (12)
19/2/2025 5:40:42 PM [INFO]: User Signed In (9842653411)
19/2/2025 8:21:05 PM [INFO]: Docotr ID: 12 Status Changed as (inactive)
19/2/2025 8:21:07 PM [INFO]: Docotr ID: 12 Status Changed as (active)
19/2/2025 8:21:10 PM [INFO]: Docotr ID: 12 Status Changed as (inactive)
19/2/2025 8:21:11 PM [INFO]: Docotr ID: 12 Status Changed as (active)
19/2/2025 8:21:20 PM [INFO]: Docotr ID: 12 Status Changed as (inactive)
19/2/2025 8:21:20 PM [INFO]: Docotr ID: 12 Status Changed as (active)
19/2/2025 8:54:34 PM [INFO]: Docotr ID: 4 Status Changed as (inactive)
19/2/2025 8:54:34 PM [INFO]: Docotr ID: 4 Status Changed as (inactive)
19/2/2025 8:54:35 PM [INFO]: Docotr ID: 4 Status Changed as (active)
