6/3/2025 12:52:31 PM [ERROR]: Get Report PDF (getReportPDFController) Error: (TypeError: Cannot read properties of undefined (reading 'length'))
6/3/2025 12:52:34 PM [ERROR]: Get Report PDF (getReportPDFController) Error: (TypeError: Cannot read properties of undefined (reading 'length'))
6/3/2025 1:27:29 PM [ERROR]: Get Report PDF (getReportPDFController) Error: (error: invalid input syntax for type timestamp with time zone: "CURRENT_DATE")
6/3/2025 1:36:49 PM [ERROR]: Get Report PDF (getReportPDFController) Error: (error: inconsistent types deduced for parameter $2)
6/3/2025 1:37:01 PM [ERROR]: Get Report PDF (getReportPDFController) Error: (error: inconsistent types deduced for parameter $2)
6/3/2025 3:52:17 PM [INFO]: User Signed In (9842653413)
6/3/2025 3:52:21 PM [INFO]: User Signed In (9842653413)
6/3/2025 6:13:53 PM [INFO]: User (5) Answered (6)
6/3/2025 6:31:52 PM [INFO]: User (5) Answered (94)
6/3/2025 6:32:25 PM [INFO]: User (5) Answered (203)
6/3/2025 6:32:38 PM [INFO]: User (5) Answered (204)
6/3/2025 6:32:47 PM [INFO]: User (5) Answered (202)
6/3/2025 6:33:02 PM [INFO]: User (5) Answered (207)
6/3/2025 7:22:13 PM [INFO]: User Signed In (9842653411)
6/3/2025 7:22:26 PM [INFO]: User Signed In (9842653413)
6/3/2025 7:22:35 PM [INFO]: User Signed In (9842653413)
6/3/2025 7:22:58 PM [INFO]: User Signed In (9842653411)
6/3/2025 7:23:06 PM [INFO]: User Signed In (9842653411)
6/3/2025 7:24:50 PM [INFO]: User Signed In (9842653414)
6/3/2025 7:27:38 PM [ERROR]: Get Report PDF (getReportPDFController) Error: (TypeError: Cannot read properties of undefined (reading 'length'))
6/3/2025 7:27:43 PM [ERROR]: Get Report PDF (getReportPDFController) Error: (TypeError: Cannot read properties of undefined (reading 'length'))
6/3/2025 7:27:48 PM [ERROR]: Get Report PDF (getReportPDFController) Error: (TypeError: Cannot read properties of undefined (reading 'length'))
6/3/2025 7:27:59 PM [ERROR]: Get Report PDF (getReportPDFController) Error: (TypeError: Cannot read properties of undefined (reading 'length'))
6/3/2025 7:28:06 PM [ERROR]: Get Report PDF (getReportPDFController) Error: (TypeError: Cannot read properties of undefined (reading 'length'))
6/3/2025 7:31:32 PM [ERROR]: Get Report PDF (getReportPDFController) Error: (TypeError: Cannot read properties of undefined (reading 'length'))
6/3/2025 7:31:33 PM [ERROR]: Get Report PDF (getReportPDFController) Error: (TypeError: Cannot read properties of undefined (reading 'length'))
6/3/2025 7:31:35 PM [ERROR]: Get Report PDF (getReportPDFController) Error: (TypeError: Cannot read properties of undefined (reading 'length'))
6/3/2025 7:31:37 PM [ERROR]: Get Report PDF (getReportPDFController) Error: (TypeError: Cannot read properties of undefined (reading 'length'))
6/3/2025 7:31:41 PM [ERROR]: Get Report PDF (getReportPDFController) Error: (TypeError: Cannot read properties of undefined (reading 'length'))
6/3/2025 7:31:46 PM [ERROR]: Get Report PDF (getReportPDFController) Error: (TypeError: Cannot read properties of undefined (reading 'length'))
6/3/2025 7:32:02 PM [ERROR]: Get Report PDF (getReportPDFController) Error: (TypeError: Cannot read properties of undefined (reading 'length'))
6/3/2025 7:32:04 PM [ERROR]: Get Report PDF (getReportPDFController) Error: (TypeError: Cannot read properties of undefined (reading 'length'))
6/3/2025 7:32:09 PM [ERROR]: Get Report PDF (getReportPDFController) Error: (TypeError: Cannot read properties of undefined (reading 'length'))
6/3/2025 7:37:59 PM [ERROR]: Get Report PDF (getReportPDFController) Error: (TypeError: Cannot read properties of undefined (reading 'length'))
6/3/2025 7:37:59 PM [ERROR]: Get Report PDF (getReportPDFController) Error: (TypeError: Cannot read properties of undefined (reading 'length'))
6/3/2025 7:38:03 PM [ERROR]: Get Report PDF (getReportPDFController) Error: (TypeError: Cannot read properties of undefined (reading 'length'))
6/3/2025 7:39:29 PM [ERROR]: Get Report PDF (getReportPDFController) Error: (TypeError: Cannot read properties of undefined (reading 'length'))
6/3/2025 7:39:41 PM [ERROR]: Get Report PDF (getReportPDFController) Error: (TypeError: Cannot read properties of undefined (reading 'length'))
6/3/2025 7:39:54 PM [ERROR]: Get Report PDF (getReportPDFController) Error: (TypeError: Cannot read properties of undefined (reading 'length'))
6/3/2025 7:41:00 PM [ERROR]: Get Report PDF (getReportPDFController) Error: (TypeError: Cannot read properties of undefined (reading 'length'))
6/3/2025 7:41:13 PM [ERROR]: Get Report PDF (getReportPDFController) Error: (TypeError: Cannot read properties of undefined (reading 'length'))
6/3/2025 7:42:08 PM [ERROR]: Get Report PDF (getReportPDFController) Error: (TypeError: Cannot read properties of undefined (reading 'length'))
6/3/2025 7:46:32 PM [INFO]: User Signed In (9842653414)
6/3/2025 7:46:43 PM [INFO]: User Signed In (9842653411)
6/3/2025 7:49:17 PM [INFO]: User Signed In (9842653411)
6/3/2025 10:19:54 PM [INFO]: User Signed In (9842653412)
6/3/2025 10:20:54 PM [INFO]: User Signed In (9842653414)
6/3/2025 10:24:05 PM [INFO]: User Signed In (9842653411)
6/3/2025 10:27:02 PM [INFO]: User (5) Answered (13)
