18/2/2025 10:20:45 AM [INFO]: User Signed In (9842653413)
18/2/2025 11:53:40 AM [INFO]: User Signed In (9842653413)
18/2/2025 12:08:51 PM [INFO]: User Signed In (9842653413)
18/2/2025 12:22:27 PM [ERROR]: New Patient Create (postNewPatientController) Error: (TypeError: Cannot read properties of undefined (reading 'userid'))
18/2/2025 12:27:00 PM [INFO]: New User (9080321374) Created by : (self)
18/2/2025 12:35:28 PM [INFO]: New User (9842653415) Created by : (self)
18/2/2025 12:35:34 PM [INFO]: New User (9842653415) Created by : (self)
18/2/2025 12:37:33 PM [INFO]: User Signed In (9842653413)
18/2/2025 12:45:56 PM [INFO]: User Signed In (9842653415)
18/2/2025 12:47:25 PM [INFO]: User Signed In (9842653415)
18/2/2025 12:48:32 PM [INFO]: User Signed In (9080321374)
18/2/2025 12:51:30 PM [INFO]: User Signed In (9842653413)
18/2/2025 12:51:30 PM [ERROR]: User Signed In Error: (TypeError [ERR_INVALID_ARG_TYPE]: The "data" argument must be of type string or an instance of Buffer, TypedArray, or DataView. Received undefined)
18/2/2025 12:53:24 PM [INFO]: User Signed In (9080321374)
18/2/2025 12:53:32 PM [INFO]: User Signed In (9080321374)
18/2/2025 1:00:52 PM [INFO]: User Signed In (9842653415)
18/2/2025 1:00:56 PM [INFO]: User Signed In (9842653415)
18/2/2025 1:01:01 PM [INFO]: User Signed In (9842653415)
18/2/2025 1:01:08 PM [INFO]: User Signed In (9842653415)
18/2/2025 1:01:09 PM [INFO]: User Signed In (9842653415)
18/2/2025 1:11:08 PM [INFO]: User Signed In (9842653413)
18/2/2025 1:11:08 PM [ERROR]: User Signed In Error: (TypeError [ERR_INVALID_ARG_TYPE]: The "data" argument must be of type string or an instance of Buffer, TypedArray, or DataView. Received undefined)
18/2/2025 1:11:15 PM [INFO]: User Signed In (9842653413)
18/2/2025 1:11:15 PM [ERROR]: User Signed In Error: (TypeError [ERR_INVALID_ARG_TYPE]: The "data" argument must be of type string or an instance of Buffer, TypedArray, or DataView. Received undefined)
18/2/2025 1:11:42 PM [INFO]: User Signed In (9842653413)
18/2/2025 1:11:42 PM [ERROR]: User Signed In Error: (TypeError [ERR_INVALID_ARG_TYPE]: The "data" argument must be of type string or an instance of Buffer, TypedArray, or DataView. Received undefined)
18/2/2025 1:13:39 PM [INFO]: User Signed In (9842653413)
18/2/2025 1:13:39 PM [ERROR]: User Signed In Error: (TypeError [ERR_INVALID_ARG_TYPE]: The "data" argument must be of type string or an instance of Buffer, TypedArray, or DataView. Received undefined)
18/2/2025 1:13:43 PM [INFO]: User Signed In (9842653414)
18/2/2025 1:13:49 PM [INFO]: User Signed In (9842653413)
18/2/2025 1:13:49 PM [ERROR]: User Signed In Error: (TypeError [ERR_INVALID_ARG_TYPE]: The "data" argument must be of type string or an instance of Buffer, TypedArray, or DataView. Received undefined)
18/2/2025 1:14:00 PM [INFO]: User Signed In (9842653413)
18/2/2025 1:14:00 PM [ERROR]: User Signed In Error: (TypeError [ERR_INVALID_ARG_TYPE]: The "data" argument must be of type string or an instance of Buffer, TypedArray, or DataView. Received undefined)
18/2/2025 1:14:08 PM [INFO]: User Signed In (9842653414)
18/2/2025 1:14:20 PM [INFO]: User Signed In (9842653414)
18/2/2025 1:14:20 PM [ERROR]: User Signed In Error: (TypeError [ERR_INVALID_ARG_TYPE]: The "data" argument must be of type string or an instance of Buffer, TypedArray, or DataView. Received undefined)
18/2/2025 1:17:39 PM [INFO]: User Signed In (9842653414)
18/2/2025 1:17:39 PM [ERROR]: User Signed In Error: (TypeError [ERR_INVALID_ARG_TYPE]: The "data" argument must be of type string or an instance of Buffer, TypedArray, or DataView. Received undefined)
18/2/2025 1:17:55 PM [INFO]: User Signed In (9842653414)
18/2/2025 1:18:48 PM [INFO]: User Signed In (9842653414)
18/2/2025 1:18:53 PM [INFO]: User Signed In (9842653414)
18/2/2025 1:18:59 PM [INFO]: User Signed In (9842653415)
18/2/2025 1:19:03 PM [INFO]: User Signed In (9842653415)
18/2/2025 1:19:03 PM [INFO]: User Signed In (9842653415)
18/2/2025 1:20:19 PM [INFO]: User Signed In (9842653414)
18/2/2025 1:20:23 PM [INFO]: User Signed In (9842653414)
18/2/2025 1:20:27 PM [INFO]: User Signed In (9842653411)
18/2/2025 1:20:33 PM [INFO]: User Signed In (9842653413)
18/2/2025 1:20:40 PM [INFO]: User Signed In (9842653415)
18/2/2025 1:20:52 PM [INFO]: User Signed In (9080321374)
18/2/2025 1:23:56 PM [INFO]: User Signed In (9842653414)
18/2/2025 1:24:07 PM [INFO]: User Signed In (9842653415)
18/2/2025 1:24:11 PM [INFO]: User Signed In (9842653415)
18/2/2025 1:24:48 PM [ERROR]: Profile Data (getProfileController) Error: (TypeError [ERR_INVALID_ARG_TYPE]: The "data" argument must be of type string or an instance of Buffer, TypedArray, or DataView. Received undefined)
18/2/2025 1:24:52 PM [ERROR]: Profile Data (getProfileController) Error: (TypeError [ERR_INVALID_ARG_TYPE]: The "data" argument must be of type string or an instance of Buffer, TypedArray, or DataView. Received undefined)
18/2/2025 1:25:06 PM [ERROR]: Profile Data (getProfileController) Error: (TypeError [ERR_INVALID_ARG_TYPE]: The "data" argument must be of type string or an instance of Buffer, TypedArray, or DataView. Received undefined)
18/2/2025 1:27:55 PM [INFO]: User Signed In (9842653414)
18/2/2025 1:28:12 PM [INFO]: User Signed In (9080321374)
18/2/2025 1:28:53 PM [INFO]: Password change for refUserId: (11)
18/2/2025 1:29:12 PM [INFO]: User Signed In (9080321374)
18/2/2025 1:29:17 PM [INFO]: User Signed In (9080321374)
18/2/2025 1:29:40 PM [INFO]: User Signed In (9842653411)
18/2/2025 1:31:17 PM [INFO]: User Signed In (9842653414)
18/2/2025 1:31:54 PM [INFO]: User Signed In (9842653415)
18/2/2025 3:16:23 PM [ERROR]: Profile Data (getProfileController) Error: (TypeError [ERR_INVALID_ARG_TYPE]: The "data" argument must be of type string or an instance of Buffer, TypedArray, or DataView. Received undefined)
18/2/2025 3:16:43 PM [INFO]: User Signed In (9842653411)
18/2/2025 3:22:48 PM [INFO]: User Signed In (9080321374)
18/2/2025 3:22:55 PM [INFO]: User Signed In (9080321374)
18/2/2025 3:22:58 PM [INFO]: User Signed In (9080321374)
18/2/2025 3:28:06 PM [INFO]: User Signed In (984263413)
18/2/2025 3:28:10 PM [INFO]: User Signed In (984263413)
18/2/2025 3:28:20 PM [INFO]: User Signed In (9842653413)
18/2/2025 3:28:55 PM [INFO]: User Signed In (9842653411)
18/2/2025 3:29:00 PM [INFO]: User Signed In (9842653411)
18/2/2025 5:21:17 PM [INFO]: New Family User (9080321374) Created by : (11)
18/2/2025 5:24:21 PM [INFO]: New Family User (9080321374) Created by : (11)
18/2/2025 5:29:26 PM [INFO]: New Family User (9080321374) Created by : (11)
18/2/2025 5:46:06 PM [INFO]: User Signed In (9080321374)
18/2/2025 5:46:10 PM [INFO]: User Signed In (9080321374)
18/2/2025 5:46:12 PM [INFO]: User Signed In (9080321374)
