26/2/2025 3:38:43 PM [INFO]: Mobile Number change for refUserId: (2)
26/2/2025 3:38:45 PM [INFO]: Mobile Number change for refUserId: (2)
26/2/2025 3:39:07 PM [INFO]: Mobile Number change for refUserId: (2)
26/2/2025 3:39:13 PM [INFO]: Mobile Number change for refUserId: (2)
26/2/2025 3:39:19 PM [INFO]: Mobile Number change for refUserId: (2)
26/2/2025 3:39:51 PM [INFO]: Mobile Number change for refUserId: (2)
26/2/2025 3:39:57 PM [INFO]: Mobile Number change for refUserId: (2)
26/2/2025 3:40:05 PM [INFO]: Mobile Number change for refUserId: (2)
26/2/2025 3:40:26 PM [ERROR]: Mobile Number change (changeMobileNumberController) Error: (error: column "rc" of relation "refCommunication" does not exist)
26/2/2025 3:41:34 PM [INFO]: Mobile Number change for refUserId: (2)
26/2/2025 3:41:50 PM [INFO]: User Signed In (9842653411)
26/2/2025 3:41:55 PM [INFO]: User Signed In (9842653423)
26/2/2025 3:41:55 PM [INFO]: User Signed In (9842653423)
26/2/2025 3:42:16 PM [INFO]: Mobile Number change for refUserId: (2)
26/2/2025 3:43:22 PM [INFO]: User Signed In (9842653411)
26/2/2025 3:43:38 PM [INFO]: User Signed In (9842653415)
26/2/2025 3:43:46 PM [INFO]: User Signed In (9842653415)
26/2/2025 3:43:49 PM [INFO]: User Signed In (9842653415)
26/2/2025 3:43:51 PM [ERROR]: Profile Data (getProfileController) Error: (TypeError [ERR_INVALID_ARG_TYPE]: The "data" argument must be of type string or an instance of Buffer, TypedArray, or DataView. Received undefined)
26/2/2025 3:44:41 PM [INFO]: User Signed In (9842653413)
26/2/2025 3:44:44 PM [INFO]: User Signed In (9842653413)
26/2/2025 3:44:47 PM [INFO]: Docotr ID: 2 Status Changed as (inactive)
26/2/2025 3:44:48 PM [INFO]: Docotr ID: 2 Status Changed as (active)
26/2/2025 3:45:09 PM [INFO]: User Signed In (9842653413)
26/2/2025 3:45:28 PM [INFO]: User Signed In (9842653415)
26/2/2025 3:45:31 PM [INFO]: User Signed In (9842653415)
26/2/2025 3:45:59 PM [ERROR]: Profile Data (getProfileController) Error: (TypeError [ERR_INVALID_ARG_TYPE]: The "data" argument must be of type string or an instance of Buffer, TypedArray, or DataView. Received undefined)
26/2/2025 3:49:57 PM [INFO]: Mobile Number change for refUserId: (14)
26/2/2025 3:50:03 PM [INFO]: Mobile Number change for refUserId: (14)
26/2/2025 3:50:09 PM [INFO]: Mobile Number change for refUserId: (14)
26/2/2025 3:50:15 PM [INFO]: Mobile Number change for refUserId: (14)
26/2/2025 3:52:08 PM [INFO]: Mobile Number change for refUserId: (14)
26/2/2025 3:53:25 PM [INFO]: Mobile Number change for refUserId: (14)
26/2/2025 3:53:30 PM [INFO]: Mobile Number change for refUserId: (14)
26/2/2025 3:54:14 PM [INFO]: Mobile Number change for refUserId: (14)
26/2/2025 3:54:14 PM [ERROR]: Mobile Number change (changeMobileNumberController) Error: (TypeError [ERR_INVALID_ARG_TYPE]: The "data" argument must be of type string or an instance of Buffer, TypedArray, or DataView. Received undefined)
26/2/2025 3:55:10 PM [INFO]: Mobile Number change for refUserId: (14)
26/2/2025 3:55:11 PM [ERROR]: Mobile Number change (changeMobileNumberController) Error: (TypeError [ERR_INVALID_ARG_TYPE]: The "data" argument must be of type string or an instance of Buffer, TypedArray, or DataView. Received undefined)
26/2/2025 3:55:51 PM [INFO]: Mobile Number change for refUserId: (14)
26/2/2025 3:55:51 PM [ERROR]: Mobile Number change (changeMobileNumberController) Error: (TypeError [ERR_INVALID_ARG_TYPE]: The "data" argument must be of type string or an instance of Buffer, TypedArray, or DataView. Received undefined)
26/2/2025 3:57:16 PM [INFO]: Mobile Number change for refUserId: (14)
26/2/2025 3:57:16 PM [ERROR]: Mobile Number change (changeMobileNumberController) Error: (TypeError [ERR_INVALID_ARG_TYPE]: The "data" argument must be of type string or an instance of Buffer, TypedArray, or DataView. Received undefined)
26/2/2025 3:57:55 PM [INFO]: Mobile Number change for refUserId: (14)
26/2/2025 3:57:55 PM [ERROR]: Mobile Number change (changeMobileNumberController) Error: (TypeError [ERR_INVALID_ARG_TYPE]: The "data" argument must be of type string or an instance of Buffer, TypedArray, or DataView. Received undefined)
26/2/2025 3:58:35 PM [INFO]: Mobile Number change for refUserId: (14)
26/2/2025 3:58:35 PM [ERROR]: Mobile Number change (changeMobileNumberController) Error: (TypeError [ERR_INVALID_ARG_TYPE]: The "data" argument must be of type string or an instance of Buffer, TypedArray, or DataView. Received undefined)
26/2/2025 4:00:00 PM [INFO]: Mobile Number change for refUserId: (14)
26/2/2025 4:00:00 PM [ERROR]: Mobile Number change (changeMobileNumberController) Error: (TypeError [ERR_INVALID_ARG_TYPE]: The "data" argument must be of type string or an instance of Buffer, TypedArray, or DataView. Received undefined)
26/2/2025 4:00:34 PM [INFO]: Mobile Number change for refUserId: (14)
26/2/2025 4:00:34 PM [ERROR]: Mobile Number change (changeMobileNumberController) Error: (TypeError [ERR_INVALID_ARG_TYPE]: The "data" argument must be of type string or an instance of Buffer, TypedArray, or DataView. Received undefined)
26/2/2025 4:00:54 PM [INFO]: User Signed In (9842653413)
26/2/2025 4:01:09 PM [INFO]: User Signed In (9842653411)
26/2/2025 4:01:15 PM [INFO]: User Signed In (9842653411)
26/2/2025 4:01:49 PM [INFO]: Mobile Number change for refUserId: (2)
26/2/2025 4:02:01 PM [INFO]: Mobile Number change for refUserId: (2)
26/2/2025 4:02:54 PM [INFO]: Mobile Number change for refUserId: (2)
26/2/2025 4:26:04 PM [INFO]: Mobile Number change for refUserId: (2)
26/2/2025 4:26:15 PM [ERROR]: Mobile Number change (changeMobileNumberController) Error: (error: missing FROM-clause entry for table "rc")
26/2/2025 4:27:01 PM [INFO]: Mobile Number change for refUserId: (2)
26/2/2025 4:27:16 PM [INFO]: Mobile Number change for refUserId: (2)
26/2/2025 4:27:37 PM [INFO]: User Signed In (9842653415)
26/2/2025 4:27:38 PM [INFO]: User Signed In (9842653415)
26/2/2025 4:27:51 PM [INFO]: Mobile Number change for refUserId: (5)
26/2/2025 4:27:58 PM [INFO]: Mobile Number change for refUserId: (5)
26/2/2025 4:27:58 PM [ERROR]: Mobile Number change (changeMobileNumberController) Error: (TypeError [ERR_INVALID_ARG_TYPE]: The "data" argument must be of type string or an instance of Buffer, TypedArray, or DataView. Received undefined)
26/2/2025 4:28:24 PM [INFO]: Mobile Number change for refUserId: (5)
26/2/2025 4:28:24 PM [INFO]: Mobile Number change for refUserId: (5)
26/2/2025 4:29:43 PM [INFO]: Mobile Number change for refUserId: (5)
26/2/2025 4:30:26 PM [INFO]: Mobile Number change for refUserId: (5)
26/2/2025 4:32:24 PM [INFO]: Mobile Number change for refUserId: (5)
26/2/2025 4:33:34 PM [INFO]: Mobile Number change for refUserId: (5)
26/2/2025 4:33:43 PM [INFO]: Mobile Number change for refUserId: (5)
26/2/2025 4:59:15 PM [INFO]: User Signed In (9842653415)
26/2/2025 4:59:18 PM [INFO]: User Signed In (9842653415)
26/2/2025 5:00:31 PM [INFO]: User (10) Answered (8)
26/2/2025 5:19:13 PM [INFO]: New User (9965854313) Created by : (2)
26/2/2025 5:19:44 PM [INFO]: User Signed In (9842653411)
26/2/2025 5:20:23 PM [INFO]: User Signed In (9965854313)
26/2/2025 5:20:39 PM [ERROR]: POst Answer (postAnswersController) Error: (TypeError: Cannot read properties of undefined (reading 'refPMId'))
26/2/2025 5:22:29 PM [ERROR]: POst Answer (postAnswersController) Error: (TypeError: Cannot read properties of undefined (reading 'refPMId'))
26/2/2025 5:22:29 PM [ERROR]: POst Answer (postAnswersController) Error: (TypeError: Cannot read properties of undefined (reading 'refPMId'))
26/2/2025 5:22:29 PM [ERROR]: POst Answer (postAnswersController) Error: (TypeError: Cannot read properties of undefined (reading 'refPMId'))
26/2/2025 5:23:08 PM [ERROR]: POst Answer (postAnswersController) Error: (TypeError: Cannot read properties of undefined (reading 'refPMId'))
26/2/2025 5:23:45 PM [ERROR]: POst Answer (postAnswersController) Error: (TypeError: Cannot read properties of undefined (reading 'refPMId'))
26/2/2025 5:25:24 PM [ERROR]: POst Answer (postAnswersController) Error: (TypeError: Cannot read properties of undefined (reading 'refPMId'))
26/2/2025 5:26:44 PM [ERROR]: POst Answer (postAnswersController) Error: (TypeError: Cannot read properties of undefined (reading 'refPMId'))
26/2/2025 5:27:06 PM [ERROR]: POst Answer (postAnswersController) Error: (TypeError: Cannot read properties of undefined (reading 'refPMId'))
26/2/2025 5:27:46 PM [ERROR]: POst Answer (postAnswersController) Error: (TypeError: Cannot read properties of undefined (reading 'refPMId'))
26/2/2025 5:28:23 PM [ERROR]: POst Answer (postAnswersController) Error: (TypeError: Cannot read properties of undefined (reading 'refPMId'))
26/2/2025 5:28:51 PM [INFO]: User (24) Answered (8)
26/2/2025 5:31:31 PM [INFO]: User Signed In (9842653411)
26/2/2025 5:31:39 PM [INFO]: Add Patient (24) Map for (2)
26/2/2025 5:32:38 PM [INFO]: User Signed In (9965854313)
26/2/2025 5:35:47 PM [INFO]: User Signed In (9842653411)
26/2/2025 5:39:10 PM [INFO]: Add Patient (24) Map for (2)
