14/2/2025 11:15:12 AM [INFO]: User Signed In (9842653411)
14/2/2025 11:17:02 AM [INFO]: User Signed In (9842653415)
14/2/2025 11:17:43 AM [INFO]: User Signed In (9842653416)
14/2/2025 11:17:45 AM [ERROR]: Profile Data (getProfileController) Error: (error: invalid input syntax for type integer: "undefined")
14/2/2025 11:18:29 AM [INFO]: User Signed In (9842653412)
14/2/2025 11:19:03 AM [INFO]: Docotr ID: 3 Status Changed as (inactive)
14/2/2025 11:20:03 AM [INFO]: Docotr ID: 3 Status Changed as (active)
14/2/2025 11:26:11 AM [INFO]: User Signed In (9842653411)
14/2/2025 11:26:15 AM [INFO]: Docotr ID: 2 Status Changed as (inactive)
14/2/2025 11:26:17 AM [INFO]: Docotr ID: 3 Status Changed as (inactive)
14/2/2025 11:28:27 AM [ERROR]: getUserListController Error: (error: bind message supplies 2 parameters, but prepared statement "" requires 1)
14/2/2025 11:28:28 AM [ERROR]: getUserListController Error: (error: bind message supplies 2 parameters, but prepared statement "" requires 1)
14/2/2025 11:28:30 AM [ERROR]: getUserListController Error: (error: bind message supplies 2 parameters, but prepared statement "" requires 1)
14/2/2025 11:31:19 AM [ERROR]: getUserListController Error: (error: bind message supplies 2 parameters, but prepared statement "" requires 1)
14/2/2025 11:39:32 AM [INFO]: Docotr ID: 2 Status Changed as (active)
14/2/2025 11:44:39 AM [INFO]: Docotr ID: 2 Status Changed as (inactive)
14/2/2025 11:44:53 AM [INFO]: User Signed In (9842653411)
14/2/2025 11:44:56 AM [INFO]: Docotr ID: 2 Status Changed as (active)
14/2/2025 11:44:58 AM [INFO]: User Signed In (9842653411)
14/2/2025 11:45:41 AM [INFO]: User Signed In (9842653414)
14/2/2025 11:49:02 AM [INFO]: User Signed In (9842653413)
14/2/2025 11:49:11 AM [INFO]: User Signed In (9842653413)
14/2/2025 11:49:22 AM [INFO]: User Signed In (9842653413)
14/2/2025 11:49:27 AM [INFO]: Docotr ID: 2 Status Changed as (inactive)
14/2/2025 11:49:30 AM [INFO]: Docotr ID: 2 Status Changed as (active)
14/2/2025 11:49:35 AM [INFO]: Docotr ID: 2 Status Changed as (inactive)
14/2/2025 11:49:43 AM [INFO]: Docotr ID: 2 Status Changed as (active)
14/2/2025 11:49:49 AM [INFO]: Docotr ID: 3 Status Changed as (active)
14/2/2025 11:49:54 AM [INFO]: Docotr ID: 2 Status Changed as (inactive)
14/2/2025 11:49:58 AM [INFO]: Docotr ID: 2 Status Changed as (active)
14/2/2025 12:18:55 PM [INFO]: User Signed In (9842653413)
14/2/2025 1:02:31 PM [INFO]: Docotr ID: 4 Status Changed as (inactive)
14/2/2025 1:02:34 PM [INFO]: Docotr ID: 4 Status Changed as (active)
14/2/2025 1:02:40 PM [INFO]: Docotr ID: 4 Status Changed as (inactive)
14/2/2025 1:02:43 PM [INFO]: Docotr ID: 4 Status Changed as (active)
14/2/2025 1:02:59 PM [INFO]: Docotr ID: 4 Status Changed as (inactive)
14/2/2025 1:03:17 PM [INFO]: User Signed In (9842653414)
14/2/2025 1:03:22 PM [INFO]: User Signed In (9842653414)
14/2/2025 1:03:27 PM [INFO]: User Signed In (9842653414)
14/2/2025 1:03:56 PM [INFO]: User Signed In (9842653414)
14/2/2025 1:04:01 PM [INFO]: User Signed In (9842653411)
14/2/2025 1:04:08 PM [INFO]: Docotr ID: 4 Status Changed as (active)
14/2/2025 1:04:10 PM [INFO]: User Signed In (9842653414)
14/2/2025 1:04:12 PM [INFO]: User Signed In (9842653414)
14/2/2025 1:04:13 PM [INFO]: User Signed In (9842653414)
14/2/2025 1:04:28 PM [INFO]: Docotr ID: 4 Status Changed as (inactive)
14/2/2025 1:04:30 PM [INFO]: User Signed In (9842653414)
14/2/2025 1:04:32 PM [INFO]: Docotr ID: 4 Status Changed as (active)
14/2/2025 1:04:34 PM [INFO]: User Signed In (9842653414)
14/2/2025 1:05:33 PM [INFO]: User Signed In (9842653411)
14/2/2025 1:06:16 PM [INFO]: Docotr ID: 4 Status Changed as (inactive)
