27/2/2025 11:15:10 AM [INFO]: User (5) Answered (5)
27/2/2025 11:16:21 AM [INFO]: User (5) Answered (94)
27/2/2025 11:46:29 AM [INFO]: User (5) Answered (5)
27/2/2025 1:16:26 PM [INFO]: User Signed In (9842653411)
27/2/2025 1:17:36 PM [INFO]: User Signed In (8608611330)
27/2/2025 1:18:04 PM [INFO]: User Signed In (6382689205)
27/2/2025 3:17:32 PM [INFO]: User Signed In (868611330)
27/2/2025 3:17:33 PM [INFO]: User Signed In (868611330)
27/2/2025 3:17:37 PM [INFO]: User Signed In (8608611330)
27/2/2025 3:17:44 PM [INFO]: User Signed In (8608611330)
27/2/2025 3:17:44 PM [INFO]: User Signed In (8608611330)
27/2/2025 3:17:45 PM [INFO]: User Signed In (8608611330)
27/2/2025 3:21:46 PM [INFO]: New User (8608611330) Created by : (self)
27/2/2025 3:22:24 PM [INFO]: User Signed In (8608611330)
27/2/2025 3:22:58 PM [INFO]: User Signed In (6382689205)
27/2/2025 3:23:31 PM [INFO]: Add Patient (25) Map for (11)
27/2/2025 3:38:07 PM [INFO]: User (25) Answered (94)
27/2/2025 3:40:32 PM [INFO]: User (25) Answered (201)
27/2/2025 3:42:31 PM [INFO]: User (25) Answered (6)
27/2/2025 3:47:01 PM [INFO]: User (25) Answered (202)
27/2/2025 3:48:04 PM [ERROR]: POst Answer (postAnswersController) Error: (TypeError: Cannot read properties of undefined (reading 'find'))
27/2/2025 3:55:19 PM [ERROR]: POst Answer (postAnswersController) Error: (TypeError: Cannot read properties of undefined (reading 'find'))
27/2/2025 3:56:46 PM [ERROR]: POst Answer (postAnswersController) Error: (TypeError: Cannot read properties of undefined (reading 'find'))
27/2/2025 4:19:19 PM [ERROR]: POst Answer (postAnswersController) Error: (TypeError: Cannot read properties of undefined (reading 'find'))
27/2/2025 4:21:06 PM [ERROR]: POst Answer (postAnswersController) Error: (TypeError: Cannot read properties of undefined (reading 'find'))
27/2/2025 4:23:26 PM [INFO]: User (14) Answered (202)
